<?xml version="1.0" encoding="UTF-8"?>
<!-- Generated by org.testng.reporters.JUnitXMLReporter -->
<testsuite hostname="T-I-N-A" ignored="0" name="Default test" tests="2" failures="0" timestamp="2021-09-20T21:34:53 AEST" time="18.806" errors="0">
  <testcase name="VehicleInsuranceCalc_Volvo" time="0.01" classname="insurance_Motorcycle.E2E_Test_Motorcycle"/>
  <testcase name="VehicleInsuranceCalc_Volvo" time="0.001" classname="insurance_Motorcycle.E2E_Test_Motorcycle"/>
</testsuite> <!-- Default test -->
