<?xml version="1.0" encoding="UTF-8"?>
<!-- Generated by org.testng.reporters.JUnitXMLReporter -->
<testsuite hostname="T-I-N-A" ignored="0" name="Test" tests="1" failures="1" timestamp="2021-09-29T22:07:59 AEST" time="13.905" errors="0">
  <testcase name="Err_MsgForCylindarCap" time="2.825" classname="insurance_Motorcycle.Err_Test_MotorCycle">
    <failure type="org.junit.ComparisonFailure" message="expected:&amp;lt;...umber between 1 and [6]000&amp;gt; but was:&amp;lt;...umber between 1 and [2]000&amp;gt;">
      <![CDATA[org.junit.ComparisonFailure: expected:<...umber between 1 and [6]000> but was:<...umber between 1 and [2]000>
at org.junit.Assert.assertEquals(Assert.java:115)
at org.junit.Assert.assertEquals(Assert.java:144)
at insurance_Motorcycle.Err_Test_MotorCycle.Err_MsgForCylindarCap(Err_Test_MotorCycle.java:21)
at java.util.ArrayList.forEach(Unknown Source)
... Removed 27 stack frames]]>
    </failure>
  </testcase> <!-- Err_MsgForCylindarCap -->
</testsuite> <!-- Test -->
