<?xml version="1.0" encoding="UTF-8"?>
<!-- Generated by org.testng.reporters.JUnitXMLReporter -->
<testsuite hostname="T-I-N-A" ignored="0" name="Test" tests="1" failures="1" timestamp="2021-08-31T22:22:31 AEST" time="14.123" errors="0">
  <testcase name="Err_MsgForCylindarCap" time="2.452" classname="insurance_Motorcycle.Err_Test_MotorCycle">
    <failure type="java.lang.NullPointerException">
      <![CDATA[java.lang.NullPointerException
at insurance_Motorcycle.Err_Test_MotorCycle.Err_MsgForCylindarCap(Err_Test_MotorCycle.java:18)
at java.util.ArrayList.forEach(Unknown Source)
... Removed 27 stack frames]]>
    </failure>
  </testcase> <!-- Err_MsgForCylindarCap -->
</testsuite> <!-- Test -->
