<?xml version="1.0" encoding="UTF-8"?>
<testng-results skipped="0" failed="0" ignored="0" total="2" passed="2">
  <reporter-output>
  </reporter-output>
  <suite name="Default suite" duration-ms="18806" started-at="2021-09-20T21:34:34 AEST" finished-at="2021-09-20T21:34:53 AEST">
    <groups>
    </groups>
    <test name="Default test" duration-ms="18806" started-at="2021-09-20T21:34:34 AEST" finished-at="2021-09-20T21:34:53 AEST">
      <class name="insurance_Motorcycle.E2E_Test_Motorcycle">
        <test-method status="PASS" signature="setupmethod()[pri:0, instance:insurance_Motorcycle.E2E_Test_Motorcycle@f09733f]" name="setupmethod" is-config="true" duration-ms="11364" started-at="2021-09-20T21:34:34 AEST" finished-at="2021-09-20T21:34:45 AEST">
          <reporter-output>
          </reporter-output>
        </test-method> <!-- setupmethod -->
        <test-method status="PASS" signature="VehicleInsuranceCalc_Volvo(java.lang.Object)[pri:0, instance:insurance_Motorcycle.E2E_Test_Motorcycle@f09733f]" name="VehicleInsuranceCalc_Volvo" duration-ms="10" started-at="2021-09-20T21:34:45 AEST" data-provider="VehicleData" finished-at="2021-09-20T21:34:45 AEST">
          <params>
            <param index="0">
              <value>
                <![CDATA[{Listprice=23000, Cylindercapacity=216, TCName=enterVehicleDataObjectPage, TCNo=1, Model=Motorcycle, Make=Volvo, Annualmileage=35000, EnginePerformance=234, DateOfManufacture=12/10/2000, NoofSeatsMotorcycle=2}]]>
              </value>
            </param>
          </params>
          <reporter-output>
          </reporter-output>
        </test-method> <!-- VehicleInsuranceCalc_Volvo -->
        <test-method status="PASS" signature="cleanUp()[pri:0, instance:insurance_Motorcycle.E2E_Test_Motorcycle@f09733f]" name="cleanUp" is-config="true" duration-ms="1" started-at="2021-09-20T21:34:45 AEST" finished-at="2021-09-20T21:34:45 AEST">
          <reporter-output>
          </reporter-output>
        </test-method> <!-- cleanUp -->
        <test-method status="PASS" signature="setupmethod()[pri:0, instance:insurance_Motorcycle.E2E_Test_Motorcycle@f09733f]" name="setupmethod" is-config="true" duration-ms="7346" started-at="2021-09-20T21:34:45 AEST" finished-at="2021-09-20T21:34:53 AEST">
          <reporter-output>
          </reporter-output>
        </test-method> <!-- setupmethod -->
        <test-method status="PASS" signature="VehicleInsuranceCalc_Volvo(java.lang.Object)[pri:0, instance:insurance_Motorcycle.E2E_Test_Motorcycle@f09733f]" name="VehicleInsuranceCalc_Volvo" duration-ms="1" started-at="2021-09-20T21:34:53 AEST" data-provider="VehicleData" finished-at="2021-09-20T21:34:53 AEST">
          <params>
            <param index="0">
              <value>
                <![CDATA[{Listprice=23000, Cylindercapacity=216, TCName=enterVehicleDataObjectPage, TCNo=2, Model=Motorcycle, Make=Volvo, Annualmileage=35000, EnginePerformance=234, DateOfManufacture=12/10/2000, NoofSeatsMotorcycle=2}]]>
              </value>
            </param>
          </params>
          <reporter-output>
          </reporter-output>
        </test-method> <!-- VehicleInsuranceCalc_Volvo -->
        <test-method status="PASS" signature="cleanUp()[pri:0, instance:insurance_Motorcycle.E2E_Test_Motorcycle@f09733f]" name="cleanUp" is-config="true" duration-ms="0" started-at="2021-09-20T21:34:53 AEST" finished-at="2021-09-20T21:34:53 AEST">
          <reporter-output>
          </reporter-output>
        </test-method> <!-- cleanUp -->
      </class> <!-- insurance_Motorcycle.E2E_Test_Motorcycle -->
    </test> <!-- Default test -->
  </suite> <!-- Default suite -->
</testng-results>
