<?xml version="1.0" encoding="UTF-8"?>
<testng-results skipped="0" failed="1" ignored="0" total="1" passed="0">
  <reporter-output>
  </reporter-output>
  <suite name="Suite" duration-ms="13905" started-at="2021-09-29T22:07:45 AEST" finished-at="2021-09-29T22:07:59 AEST">
    <groups>
    </groups>
    <test name="Test" duration-ms="13905" started-at="2021-09-29T22:07:45 AEST" finished-at="2021-09-29T22:07:59 AEST">
      <class name="insurance_Motorcycle.Err_Test_MotorCycle">
        <test-method status="PASS" signature="setupmethod()[pri:0, instance:insurance_Motorcycle.Err_Test_MotorCycle@289d1c02]" name="setupmethod" is-config="true" duration-ms="10206" started-at="2021-09-29T22:07:46 AEST" finished-at="2021-09-29T22:07:56 AEST">
          <reporter-output>
          </reporter-output>
        </test-method> <!-- setupmethod -->
        <test-method status="FAIL" signature="Err_MsgForCylindarCap()[pri:0, instance:insurance_Motorcycle.Err_Test_MotorCycle@289d1c02]" name="Err_MsgForCylindarCap" duration-ms="2825" started-at="2021-09-29T22:07:56 AEST" finished-at="2021-09-29T22:07:59 AEST">
          <exception class="org.junit.ComparisonFailure">
            <message>
              <![CDATA[expected:<...umber between 1 and [6]000> but was:<...umber between 1 and [2]000>]]>
            </message>
            <full-stacktrace>
              <![CDATA[org.junit.ComparisonFailure: expected:<...umber between 1 and [6]000> but was:<...umber between 1 and [2]000>
at org.junit.Assert.assertEquals(Assert.java:115)
at org.junit.Assert.assertEquals(Assert.java:144)
at insurance_Motorcycle.Err_Test_MotorCycle.Err_MsgForCylindarCap(Err_Test_MotorCycle.java:21)
at sun.reflect.NativeMethodAccessorImpl.invoke0(Native Method)
at sun.reflect.NativeMethodAccessorImpl.invoke(Unknown Source)
at sun.reflect.DelegatingMethodAccessorImpl.invoke(Unknown Source)
at java.lang.reflect.Method.invoke(Unknown Source)
at org.testng.internal.MethodInvocationHelper.invokeMethod(MethodInvocationHelper.java:133)
at org.testng.internal.TestInvoker.invokeMethod(TestInvoker.java:598)
at org.testng.internal.TestInvoker.invokeTestMethod(TestInvoker.java:173)
at org.testng.internal.MethodRunner.runInSequence(MethodRunner.java:46)
at org.testng.internal.TestInvoker$MethodInvocationAgent.invoke(TestInvoker.java:824)
at org.testng.internal.TestInvoker.invokeTestMethods(TestInvoker.java:146)
at org.testng.internal.TestMethodWorker.invokeTestMethods(TestMethodWorker.java:146)
at org.testng.internal.TestMethodWorker.run(TestMethodWorker.java:128)
at java.util.ArrayList.forEach(Unknown Source)
at org.testng.TestRunner.privateRun(TestRunner.java:794)
at org.testng.TestRunner.run(TestRunner.java:596)
at org.testng.SuiteRunner.runTest(SuiteRunner.java:377)
at org.testng.SuiteRunner.runSequentially(SuiteRunner.java:371)
at org.testng.SuiteRunner.privateRun(SuiteRunner.java:332)
at org.testng.SuiteRunner.run(SuiteRunner.java:276)
at org.testng.SuiteRunnerWorker.runSuite(SuiteRunnerWorker.java:53)
at org.testng.SuiteRunnerWorker.run(SuiteRunnerWorker.java:96)
at org.testng.TestNG.runSuitesSequentially(TestNG.java:1212)
at org.testng.TestNG.runSuitesLocally(TestNG.java:1134)
at org.testng.TestNG.runSuites(TestNG.java:1063)
at org.testng.TestNG.run(TestNG.java:1031)
at org.testng.remote.AbstractRemoteTestNG.run(AbstractRemoteTestNG.java:115)
at org.testng.remote.RemoteTestNG.initAndRun(RemoteTestNG.java:251)
at org.testng.remote.RemoteTestNG.main(RemoteTestNG.java:77)
]]>
            </full-stacktrace>
          </exception> <!-- org.junit.ComparisonFailure -->
          <reporter-output>
          </reporter-output>
        </test-method> <!-- Err_MsgForCylindarCap -->
        <test-method status="PASS" signature="cleanUp()[pri:0, instance:insurance_Motorcycle.Err_Test_MotorCycle@289d1c02]" name="cleanUp" is-config="true" duration-ms="0" started-at="2021-09-29T22:07:59 AEST" finished-at="2021-09-29T22:07:59 AEST">
          <reporter-output>
          </reporter-output>
        </test-method> <!-- cleanUp -->
      </class> <!-- insurance_Motorcycle.Err_Test_MotorCycle -->
    </test> <!-- Test -->
  </suite> <!-- Suite -->
</testng-results>
